<?xml version="1.0" encoding="UTF-8"?>
<coverage generated="1603638789187" clover="3.2.0">
  <project timestamp="1603638789187" name="All files">
    <metrics statements="51" coveredstatements="51" conditionals="15" coveredconditionals="15" methods="8" coveredmethods="8" elements="74" coveredelements="74" complexity="0" loc="51" ncloc="51" packages="1" files="1" classes="1"/>
    <file name="bowling-game.js" path="/home/spham/katajs_2020-10-25_1348/src/bowling-game.js">
      <metrics statements="51" coveredstatements="51" conditionals="15" coveredconditionals="15" methods="8" coveredmethods="8"/>
      <line num="1" count="1" type="stmt"/>
      <line num="2" count="1" type="cond" truecount="1" falsecount="0"/>
      <line num="3" count="4" type="stmt"/>
      <line num="4" count="4" type="stmt"/>
      <line num="5" count="4" type="stmt"/>
      <line num="6" count="1" type="cond" truecount="1" falsecount="0"/>
      <line num="7" count="80" type="stmt"/>
      <line num="8" count="80" type="stmt"/>
      <line num="9" count="80" type="stmt"/>
      <line num="10" count="1" type="cond" truecount="1" falsecount="0"/>
      <line num="11" count="4" type="stmt"/>
      <line num="12" count="4" type="stmt"/>
      <line num="13" count="4" type="cond" truecount="1" falsecount="0"/>
      <line num="14" count="40" type="stmt"/>
      <line num="15" count="40" type="cond" truecount="1" falsecount="0"/>
      <line num="16" count="1" type="stmt"/>
      <line num="17" count="1" type="stmt"/>
      <line num="18" count="1" type="stmt"/>
      <line num="19" count="1" type="cond" truecount="1" falsecount="0"/>
      <line num="20" count="39" type="stmt"/>
      <line num="21" count="39" type="stmt"/>
      <line num="22" count="39" type="stmt"/>
      <line num="23" count="40" type="cond" truecount="1" falsecount="0"/>
      <line num="24" count="1" type="stmt"/>
      <line num="25" count="40" type="cond" truecount="1" falsecount="0"/>
      <line num="26" count="38" type="stmt"/>
      <line num="27" count="38" type="cond" truecount="1" falsecount="0"/>
      <line num="28" count="39" type="stmt"/>
      <line num="29" count="39" type="stmt"/>
      <line num="30" count="4" type="stmt"/>
      <line num="31" count="4" type="stmt"/>
      <line num="32" count="4" type="stmt"/>
      <line num="33" count="1" type="stmt"/>
      <line num="34" count="1" type="stmt"/>
      <line num="35" count="1" type="cond" truecount="1" falsecount="0"/>
      <line num="36" count="1" type="stmt"/>
      <line num="37" count="1" type="stmt"/>
      <line num="38" count="1" type="stmt"/>
      <line num="39" count="1" type="cond" truecount="1" falsecount="0"/>
      <line num="40" count="40" type="stmt"/>
      <line num="41" count="40" type="stmt"/>
      <line num="42" count="1" type="stmt"/>
      <line num="43" count="1" type="cond" truecount="1" falsecount="0"/>
      <line num="44" count="1" type="stmt"/>
      <line num="45" count="1" type="stmt"/>
      <line num="46" count="1" type="stmt"/>
      <line num="47" count="1" type="cond" truecount="1" falsecount="0"/>
      <line num="48" count="39" type="stmt"/>
      <line num="49" count="39" type="stmt"/>
      <line num="50" count="1" type="stmt"/>
      <line num="51" count="1" type="cond" truecount="2" falsecount="0"/>
    </file>
  </project>
</coverage>
