{"/home/spham/katajs_2020-10-25_1348/src/bowling-game.js": {"path":"/home/spham/katajs_2020-10-25_1348/src/bowling-game.js","statementMap":{"0":{"start":{"line":1,"column":0},"end":{"line":1,"column":19}},"1":{"start":{"line":2,"column":0},"end":{"line":2,"column":19}},"2":{"start":{"line":3,"column":0},"end":{"line":3,"column":33}},"3":{"start":{"line":4,"column":0},"end":{"line":4,"column":24}},"4":{"start":{"line":5,"column":0},"end":{"line":5,"column":5}},"5":{"start":{"line":6,"column":0},"end":{"line":6,"column":16}},"6":{"start":{"line":7,"column":0},"end":{"line":7,"column":37}},"7":{"start":{"line":8,"column":0},"end":{"line":8,"column":30}},"8":{"start":{"line":9,"column":0},"end":{"line":9,"column":5}},"9":{"start":{"line":10,"column":0},"end":{"line":10,"column":17}},"10":{"start":{"line":11,"column":0},"end":{"line":11,"column":22}},"11":{"start":{"line":12,"column":0},"end":{"line":12,"column":26}},"12":{"start":{"line":13,"column":0},"end":{"line":13,"column":38}},"13":{"start":{"line":14,"column":0},"end":{"line":14,"column":40}},"14":{"start":{"line":15,"column":0},"end":{"line":15,"column":80}},"15":{"start":{"line":16,"column":0},"end":{"line":16,"column":0}},"16":{"start":{"line":17,"column":0},"end":{"line":17,"column":36}},"17":{"start":{"line":18,"column":0},"end":{"line":18,"column":56}},"18":{"start":{"line":19,"column":0},"end":{"line":19,"column":20}},"19":{"start":{"line":20,"column":0},"end":{"line":20,"column":36}},"20":{"start":{"line":21,"column":0},"end":{"line":21,"column":13}},"21":{"start":{"line":22,"column":0},"end":{"line":22,"column":27}},"22":{"start":{"line":23,"column":0},"end":{"line":23,"column":9}},"23":{"start":{"line":24,"column":0},"end":{"line":24,"column":36}},"24":{"start":{"line":25,"column":0},"end":{"line":25,"column":21}},"25":{"start":{"line":26,"column":0},"end":{"line":26,"column":5}},"26":{"start":{"line":27,"column":0},"end":{"line":27,"column":0}},"27":{"start":{"line":28,"column":0},"end":{"line":28,"column":1}},"28":{"start":{"line":29,"column":0},"end":{"line":29,"column":29}}},"s":{"0":1,"1":1,"2":3,"3":3,"4":3,"5":1,"6":60,"7":60,"8":60,"9":1,"10":3,"11":3,"12":3,"13":30,"14":30,"15":30,"16":30,"17":1,"18":30,"19":29,"20":29,"21":30,"22":30,"23":3,"24":3,"25":3,"26":1,"27":1,"28":1},"branchMap":{"0":{"type":"branch","line":29,"loc":{"start":{"line":29,"column":29},"end":{"line":29,"column":29}},"locations":[{"start":{"line":29,"column":29},"end":{"line":29,"column":29}}]},"1":{"type":"branch","line":29,"loc":{"start":{"line":29,"column":29},"end":{"line":29,"column":29}},"locations":[{"start":{"line":29,"column":29},"end":{"line":29,"column":29}}]},"2":{"type":"branch","line":2,"loc":{"start":{"line":2,"column":4},"end":{"line":5,"column":5}},"locations":[{"start":{"line":2,"column":4},"end":{"line":5,"column":5}}]},"3":{"type":"branch","line":6,"loc":{"start":{"line":6,"column":4},"end":{"line":9,"column":5}},"locations":[{"start":{"line":6,"column":4},"end":{"line":9,"column":5}}]},"4":{"type":"branch","line":10,"loc":{"start":{"line":10,"column":4},"end":{"line":26,"column":5}},"locations":[{"start":{"line":10,"column":4},"end":{"line":26,"column":5}}]},"5":{"type":"branch","line":13,"loc":{"start":{"line":13,"column":37},"end":{"line":23,"column":9}},"locations":[{"start":{"line":13,"column":37},"end":{"line":23,"column":9}}]},"6":{"type":"branch","line":17,"loc":{"start":{"line":17,"column":35},"end":{"line":19,"column":19}},"locations":[{"start":{"line":17,"column":35},"end":{"line":19,"column":19}}]},"7":{"type":"branch","line":19,"loc":{"start":{"line":19,"column":13},"end":{"line":21,"column":13}},"locations":[{"start":{"line":19,"column":13},"end":{"line":21,"column":13}}]}},"b":{"0":[1],"1":[1],"2":[3],"3":[60],"4":[3],"5":[30],"6":[1],"7":[29]},"fnMap":{"0":{"name":"Object.<anonymous>","decl":{"start":{"line":29,"column":29},"end":{"line":29,"column":29}},"loc":{"start":{"line":29,"column":29},"end":{"line":29,"column":29}},"line":29},"1":{"name":"BowlingGame","decl":{"start":{"line":2,"column":4},"end":{"line":5,"column":5}},"loc":{"start":{"line":2,"column":4},"end":{"line":5,"column":5}},"line":2},"2":{"name":"roll","decl":{"start":{"line":6,"column":4},"end":{"line":9,"column":5}},"loc":{"start":{"line":6,"column":4},"end":{"line":9,"column":5}},"line":6},"3":{"name":"get score","decl":{"start":{"line":10,"column":4},"end":{"line":26,"column":5}},"loc":{"start":{"line":10,"column":4},"end":{"line":26,"column":5}},"line":10}},"f":{"0":1,"1":3,"2":60,"3":3}}
}
