TN:
SF:src/bowling-game.js
FN:51,Object.<anonymous>
FN:2,BowlingGame
FN:6,roll
FN:10,get score
FN:35,strikeBonus
FN:39,isStrike
FN:43,spareBonus
FN:47,isSpare
FNF:8
FNH:8
FNDA:1,Object.<anonymous>
FNDA:4,BowlingGame
FNDA:80,roll
FNDA:4,get score
FNDA:1,strikeBonus
FNDA:40,isStrike
FNDA:1,spareBonus
FNDA:39,isSpare
DA:1,1
DA:2,1
DA:3,4
DA:4,4
DA:5,4
DA:6,1
DA:7,80
DA:8,80
DA:9,80
DA:10,1
DA:11,4
DA:12,4
DA:13,4
DA:14,40
DA:15,40
DA:16,1
DA:17,1
DA:18,1
DA:19,1
DA:20,39
DA:21,39
DA:22,39
DA:23,40
DA:24,1
DA:25,40
DA:26,38
DA:27,38
DA:28,39
DA:29,39
DA:30,4
DA:31,4
DA:32,4
DA:33,1
DA:34,1
DA:35,1
DA:36,1
DA:37,1
DA:38,1
DA:39,1
DA:40,40
DA:41,40
DA:42,1
DA:43,1
DA:44,1
DA:45,1
DA:46,1
DA:47,1
DA:48,39
DA:49,39
DA:50,1
DA:51,1
LF:51
LH:51
BRDA:51,0,0,1
BRDA:51,1,0,1
BRDA:2,2,0,4
BRDA:6,3,0,80
BRDA:10,4,0,4
BRDA:13,5,0,40
BRDA:15,6,0,1
BRDA:19,7,0,39
BRDA:23,8,0,1
BRDA:25,9,0,38
BRDA:27,10,0,39
BRDA:35,11,0,1
BRDA:39,12,0,40
BRDA:43,13,0,1
BRDA:47,14,0,39
BRF:15
BRH:15
end_of_record
