TN:
SF:src/bowling-game.js
FN:29,Object.<anonymous>
FN:2,BowlingGame
FN:6,roll
FN:10,get score
FNF:4
FNH:4
FNDA:1,Object.<anonymous>
FNDA:3,BowlingGame
FNDA:60,roll
FNDA:3,get score
DA:1,1
DA:2,1
DA:3,3
DA:4,3
DA:5,3
DA:6,1
DA:7,60
DA:8,60
DA:9,60
DA:10,1
DA:11,3
DA:12,3
DA:13,3
DA:14,30
DA:15,30
DA:16,30
DA:17,30
DA:18,1
DA:19,30
DA:20,29
DA:21,29
DA:22,30
DA:23,30
DA:24,3
DA:25,3
DA:26,3
DA:27,1
DA:28,1
DA:29,1
LF:29
LH:29
BRDA:29,0,0,1
BRDA:29,1,0,1
BRDA:2,2,0,3
BRDA:6,3,0,60
BRDA:10,4,0,3
BRDA:13,5,0,30
BRDA:17,6,0,1
BRDA:19,7,0,29
BRF:8
BRH:8
end_of_record
